<?xml version="1.0" encoding="UTF-8"?>
<!-- Generated by org.testng.reporters.JUnitXMLReporter -->
<testsuite ignored="0" hostname="WIN106401" failures="0" tests="4" name="Default test" time="280.391" errors="0" timestamp="22 May 2019 09:37:34 GMT">
  <testcase classname="com.crmAutomation.testScripts.CompaniesPageTest" name="validateCreateCreateCompanyTest" time="45.156"/>
  <testcase classname="com.crmAutomation.testScripts.CompaniesPageTest" name="validateCreateCreateCompanyTest" time="42.88"/>
  <testcase classname="com.crmAutomation.testScripts.CompaniesPageTest" name="validateCreateCreateCompanyTest" time="42.879"/>
  <testcase classname="com.crmAutomation.testScripts.CompaniesPageTest" name="validateCreateCreateCompanyTest" time="43.935"/>
</testsuite> <!-- Default test -->
