<?xml version="1.0" encoding="UTF-8"?>
<!-- Generated by org.testng.reporters.JUnitXMLReporter -->
<testsuite hostname="WIN10-PR3" ignored="0" name="LoginTest" tests="2" failures="0" timestamp="12 Feb 2019 11:10:58 GMT" time="56.482" errors="0">
  <testcase name="verifyHomepageTitleTest" time="0.062" classname="com.crmAutomation.testScripts.LoginTest"/>
  <testcase name="verifyHomePageTitleTest" time="0.015" classname="com.crmAutomation.testScripts.HomePageTest"/>
</testsuite> <!-- LoginTest -->
