<?xml version="1.0" encoding="UTF-8"?>
<!-- Generated by org.testng.reporters.JUnitXMLReporter -->
<testsuite ignored="2" hostname="OTEBEDIBA-LAP" failures="1" tests="12" name="Test" time="816.587" errors="0" timestamp="04 Mar 2019 00:40:55 GMT">
  <testcase classname="com.crmAutomation.base.TestBase" name="@AfterMethod tearDown" time="11.277">
    <failure type="java.lang.NullPointerException">
      <![CDATA[java.lang.NullPointerException
at com.crmAutomation.base.TestBase.tearDown(TestBase.java:113)
... Removed 28 stack frames]]>
    </failure>
  </testcase> <!-- @AfterMethod tearDown -->
  <testcase classname="com.crmAutomation.testScripts.LoginTest" name="@BeforeMethod setup" time="0.0">
    <skipped/>
  </testcase> <!-- @BeforeMethod setup -->
  <testcase classname="com.crmAutomation.base.TestBase" name="@AfterMethod tearDown" time="0.0">
    <skipped/>
  </testcase> <!-- @AfterMethod tearDown -->
  <testcase classname="com.crmAutomation.testScripts.LoginTest" name="@BeforeMethod setup" time="0.0">
    <skipped/>
  </testcase> <!-- @BeforeMethod setup -->
  <testcase classname="com.crmAutomation.base.TestBase" name="@AfterMethod tearDown" time="0.0">
    <skipped/>
  </testcase> <!-- @AfterMethod tearDown -->
  <testcase classname="com.crmAutomation.testScripts.CompaniesPageTest" name="validateCreateCreateCompanyTest" time="43.505"/>
  <testcase classname="com.crmAutomation.testScripts.CompaniesPageTest" name="validateCreateCreateCompanyTest" time="45.475"/>
  <testcase classname="com.crmAutomation.testScripts.CompaniesPageTest" name="validateCreateCreateCompanyTest" time="42.446"/>
  <testcase classname="com.crmAutomation.testScripts.CompaniesPageTest" name="validateCreateCreateCompanyTest" time="48.742"/>
  <testcase classname="com.crmAutomation.testScripts.CompaniesPageTest" name="validateCreateCreateCompanyTest" time="46.222"/>
  <testcase classname="com.crmAutomation.testScripts.CompaniesPageTest" name="validateCreateCreateCompanyTest" time="49.42"/>
  <testcase classname="com.crmAutomation.testScripts.CompaniesPageTest" name="validateCreateCreateCompanyTest" time="44.08"/>
  <testcase classname="com.crmAutomation.testScripts.CompaniesPageTest" name="validateCreateCreateCompanyTest" time="47.161"/>
  <testcase classname="com.crmAutomation.testScripts.CompaniesPageTest" name="SignOutAfterLoginTest" time="3.758"/>
  <testcase classname="com.crmAutomation.testScripts.LoginTest" name="LoginToApplication" time="0.035">
    <failure type="java.lang.NullPointerException">
      <![CDATA[java.lang.NullPointerException
at com.crmAutomation.testScripts.LoginTest.LoginToApplication(LoginTest.java:37)
... Removed 25 stack frames]]>
    </failure>
  </testcase> <!-- LoginToApplication -->
  <testcase classname="com.crmAutomation.testScripts.LoginTest" name="verifyHomepageTitleTest" time="0.0">
    <skipped/>
  </testcase> <!-- verifyHomepageTitleTest -->
  <testcase classname="com.crmAutomation.testScripts.LoginTest" name="validatecurrentUrlTest" time="0.0">
    <skipped/>
  </testcase> <!-- validatecurrentUrlTest -->
  <testcase classname="com.crmAutomation.base.TestBase" name="@BeforeSuite setUpSuite" time="0.0">
    <ignored/>
  </testcase> <!-- @BeforeSuite setUpSuite -->
  <testcase classname="com.crmAutomation.base.TestBase" name="@AfterSuite endTest" time="0.0">
    <ignored/>
  </testcase> <!-- @AfterSuite endTest -->
</testsuite> <!-- Test -->
