<?xml version="1.0" encoding="UTF-8"?>
<!-- Generated by org.testng.reporters.JUnitXMLReporter -->
<testsuite ignored="0" hostname="WIN106401" failures="0" tests="4" name="CompaniesPageTest" time="261.741" errors="0" timestamp="15 May 2019 10:35:10 GMT">
  <testcase classname="com.crmAutomation.testScripts.CompaniesPageTest" name="validateCreateCreateCompanyTest" time="43.316"/>
  <testcase classname="com.crmAutomation.testScripts.CompaniesPageTest" name="validateCreateCreateCompanyTest" time="43.577"/>
  <testcase classname="com.crmAutomation.testScripts.CompaniesPageTest" name="validateCreateCreateCompanyTest" time="41.552"/>
  <testcase classname="com.crmAutomation.testScripts.CompaniesPageTest" name="validateCreateCreateCompanyTest" time="42.852"/>
</testsuite> <!-- CompaniesPageTest -->
