<?xml version="1.0" encoding="UTF-8"?>
<!-- Generated by org.testng.reporters.JUnitXMLReporter -->
<testsuite ignored="0" hostname="WIN106401" failures="0" tests="3" name="ContactsPgTest" time="80.926" errors="0" timestamp="15 May 2019 10:30:48 GMT">
  <testcase classname="com.crmAutomation.testScripts.ContactsPgTest" name="validateCreateNewContactTest" time="9.751"/>
  <testcase classname="com.crmAutomation.testScripts.ContactsPgTest" name="validateCreateNewContactTest" time="7.698"/>
  <testcase classname="com.crmAutomation.testScripts.ContactsPgTest" name="validateCreateNewContactTest" time="7.297"/>
</testsuite> <!-- ContactsPgTest -->
