<?xml version="1.0" encoding="UTF-8"?>
<!-- Generated by org.testng.reporters.JUnitXMLReporter -->
<testsuite ignored="0" hostname="WIN106401" failures="0" tests="4" name="HomePageTest" time="86.379" errors="0" timestamp="15 May 2019 10:29:27 GMT">
  <testcase classname="com.crmAutomation.testScripts.HomePageTest" name="verifyHomePageTitleTest" time="1.036"/>
  <testcase classname="com.crmAutomation.testScripts.HomePageTest" name="verifyLoggedInUserNameTest" time="0.168"/>
  <testcase classname="com.crmAutomation.testScripts.HomePageTest" name="verifyclickOnContactsPgLinkTest" time="2.082"/>
  <testcase classname="com.crmAutomation.testScripts.HomePageTest" name="VerifylogOutOfApplication" time="2.307"/>
</testsuite> <!-- HomePageTest -->
