<?xml version="1.0" encoding="UTF-8"?>
<!-- Generated by org.testng.reporters.JUnitXMLReporter -->
<testsuite ignored="0" hostname="OTEBEDIBA-LAP" failures="0" tests="4" name="HomePageTest" time="178.024" errors="0" timestamp="24 Apr 2019 15:41:02 GMT">
  <testcase classname="com.crmAutomation.testScripts.HomePageTest" name="verifyHomePageTitleTest" time="0.169"/>
  <testcase classname="com.crmAutomation.testScripts.HomePageTest" name="verifyLoggedInUserNameTest" time="0.851"/>
  <testcase classname="com.crmAutomation.testScripts.HomePageTest" name="verifyclickOnContactsPgLinkTest" time="6.207"/>
  <testcase classname="com.crmAutomation.testScripts.HomePageTest" name="VerifylogOutOfApplication" time="1.614"/>
</testsuite> <!-- HomePageTest -->
