<?xml version="1.0" encoding="UTF-8"?>
<!-- Generated by org.testng.reporters.JUnitXMLReporter -->
<testsuite ignored="0" hostname="OTEBEDIBA-LAP" failures="0" tests="3" name="LoginTest" time="80.632" errors="0" timestamp="24 Apr 2019 15:38:03 GMT">
  <testcase classname="com.crmAutomation.testScripts.LoginTest" name="LoginToApplication" time="11.878"/>
  <testcase classname="com.crmAutomation.testScripts.LoginTest" name="verifyHomepageTitleTest" time="2.033"/>
  <testcase classname="com.crmAutomation.testScripts.LoginTest" name="validatecurrentUrlTest" time="2.018"/>
</testsuite> <!-- LoginTest -->
