<?xml version="1.0" encoding="UTF-8"?>
<testng-results ignored="0" total="4" passed="4" failed="0" skipped="0">
  <reporter-output>
  </reporter-output>
  <suite started-at="2019-05-22T09:32:53Z" name="Default suite" finished-at="2019-05-22T09:37:34Z" duration-ms="280391">
    <groups>
    </groups>
    <test started-at="2019-05-22T09:32:53Z" name="Default test" finished-at="2019-05-22T09:37:34Z" duration-ms="280391">
      <class name="com.crmAutomation.testScripts.CompaniesPageTest">
        <test-method is-config="true" signature="initialization()[pri:0, instance:com.crmAutomation.testScripts.CompaniesPageTest@352ff4da]" started-at="2019-05-22T09:32:42Z" name="initialization" finished-at="2019-05-22T09:32:53Z" duration-ms="10869" status="PASS">
          <reporter-output>
          </reporter-output>
        </test-method> <!-- initialization -->
        <test-method is-config="true" signature="setup()[pri:0, instance:com.crmAutomation.testScripts.CompaniesPageTest@352ff4da]" started-at="2019-05-22T09:32:55Z" name="setup" finished-at="2019-05-22T09:33:12Z" duration-ms="17031" status="PASS">
          <reporter-output>
          </reporter-output>
        </test-method> <!-- setup -->
        <test-method signature="validateCreateCreateCompanyTest(java.util.List)[pri:1, instance:com.crmAutomation.testScripts.CompaniesPageTest@352ff4da]" started-at="2019-05-22T09:33:13Z" name="validateCreateCreateCompanyTest" data-provider="test4" finished-at="2019-05-22T09:33:58Z" duration-ms="45156" status="PASS">
          <params>
            <param index="0">
              <value>
                <![CDATA[[TC01, Yes, PASS, Aboki International_1, UltimatePlastic_1, 23.345.00, 1456.0, On Hold, Client, High, Email, UTiPLst_1, 324THy-2, UltimatePlastic_1, Shipping  Address, 123A Alake crescent, London SE, London, SE london, SE3 6TY, United Kingdom, A very elegant nad promising nascent plastic company, 4.4208765E7, 4.4208765E7, www.ultimateplastic_1.com, ultplastic@ultimateplasti.com, ULTPLas_1, Ultiparental_1, Ladi  moore (ladimore)]]]>
              </value>
            </param>
          </params>
          <reporter-output>
          </reporter-output>
        </test-method> <!-- validateCreateCreateCompanyTest -->
        <test-method is-config="true" signature="tearDown()[pri:0, instance:com.crmAutomation.testScripts.CompaniesPageTest@352ff4da]" started-at="2019-05-22T09:33:59Z" name="tearDown" finished-at="2019-05-22T09:34:12Z" duration-ms="13813" status="PASS">
          <reporter-output>
          </reporter-output>
        </test-method> <!-- tearDown -->
        <test-method is-config="true" signature="setup()[pri:0, instance:com.crmAutomation.testScripts.CompaniesPageTest@352ff4da]" started-at="2019-05-22T09:34:12Z" name="setup" finished-at="2019-05-22T09:34:28Z" duration-ms="15340" status="PASS">
          <reporter-output>
          </reporter-output>
        </test-method> <!-- setup -->
        <test-method signature="validateCreateCreateCompanyTest(java.util.List)[pri:1, instance:com.crmAutomation.testScripts.CompaniesPageTest@352ff4da]" started-at="2019-05-22T09:34:28Z" name="validateCreateCreateCompanyTest" data-provider="test4" finished-at="2019-05-22T09:35:11Z" duration-ms="42880" status="PASS">
          <params>
            <param index="0">
              <value>
                <![CDATA[[TC02, Yes, PASS, Aboki International_2, UltimatePlastic_2, 23.345.01, 146.0, Active, Client, High, Event, UTiPLst_2, 324THy-3, UltimatePlastic_2, Billing Address, 122  Alake crescent, London SE, London, SE london, SE2 6TL, United Kingdom, A very elegant nad promising nascent plastic company, 4.4209765E7, 4.4208765E7, http://www.ultimateplastic_2.com/, ultplastic@ultimateplasti.com, ULTPLas_2, Ultiparental_2, Ladi  moore (ladimore)]]]>
              </value>
            </param>
          </params>
          <reporter-output>
          </reporter-output>
        </test-method> <!-- validateCreateCreateCompanyTest -->
        <test-method is-config="true" signature="tearDown()[pri:0, instance:com.crmAutomation.testScripts.CompaniesPageTest@352ff4da]" started-at="2019-05-22T09:35:11Z" name="tearDown" finished-at="2019-05-22T09:35:22Z" duration-ms="11699" status="PASS">
          <reporter-output>
          </reporter-output>
        </test-method> <!-- tearDown -->
        <test-method is-config="true" signature="setup()[pri:0, instance:com.crmAutomation.testScripts.CompaniesPageTest@352ff4da]" started-at="2019-05-22T09:35:22Z" name="setup" finished-at="2019-05-22T09:35:38Z" duration-ms="15239" status="PASS">
          <reporter-output>
          </reporter-output>
        </test-method> <!-- setup -->
        <test-method signature="validateCreateCreateCompanyTest(java.util.List)[pri:1, instance:com.crmAutomation.testScripts.CompaniesPageTest@352ff4da]" started-at="2019-05-22T09:35:38Z" name="validateCreateCreateCompanyTest" data-provider="test4" finished-at="2019-05-22T09:36:21Z" duration-ms="42879" status="PASS">
          <params>
            <param index="0">
              <value>
                <![CDATA[[TC03, Yes, PASS, Aboki International_3, UltimatePlastic_3, 23.345.01, 1546.0, New, Partner, Low, Email, UTiPLst_2, 324THy-3, UltimatePlastic_3, Billing Address, 122  Alake crescent, London SE, London, SE london, SE2 6TL, United Kingdom, A very elegant nad promising nascent plastic company, 4.4209765E7, 4.4208765E7, http://www.ultimateplastic_2.com/, ultplastic@ultimateplasti.com, ULTPLas_2, Ultiparental_2, Ladi  moore (ladimore)]]]>
              </value>
            </param>
          </params>
          <reporter-output>
          </reporter-output>
        </test-method> <!-- validateCreateCreateCompanyTest -->
        <test-method is-config="true" signature="tearDown()[pri:0, instance:com.crmAutomation.testScripts.CompaniesPageTest@352ff4da]" started-at="2019-05-22T09:36:21Z" name="tearDown" finished-at="2019-05-22T09:36:27Z" duration-ms="6452" status="PASS">
          <reporter-output>
          </reporter-output>
        </test-method> <!-- tearDown -->
        <test-method is-config="true" signature="setup()[pri:0, instance:com.crmAutomation.testScripts.CompaniesPageTest@352ff4da]" started-at="2019-05-22T09:36:27Z" name="setup" finished-at="2019-05-22T09:36:43Z" duration-ms="15505" status="PASS">
          <reporter-output>
          </reporter-output>
        </test-method> <!-- setup -->
        <test-method signature="validateCreateCreateCompanyTest(java.util.List)[pri:1, instance:com.crmAutomation.testScripts.CompaniesPageTest@352ff4da]" started-at="2019-05-22T09:36:43Z" name="validateCreateCreateCompanyTest" data-provider="test4" finished-at="2019-05-22T09:37:27Z" duration-ms="43935" status="PASS">
          <params>
            <param index="0">
              <value>
                <![CDATA[[TC04, Yes, PASS, Aboki International_4, UltimatePlastic_4, 23.345.01, 14666.0, Hot, Prospect, Medium, Referral, UTiPLst_2, 324THy-3, UltimatePlastic_4, Billing Address, 122  Alake crescent, London SE, London, SE london, SE2 6TL, United Kingdom, A very elegant nad promising nascent plastic company, 4.4209765E7, 4.4208765E7, http://www.ultimateplastic_2.com/, ultplastic@ultimateplasti.com, ULTPLas_2, Ultiparental_2, Ladi  moore (ladimore)]]]>
              </value>
            </param>
          </params>
          <reporter-output>
          </reporter-output>
        </test-method> <!-- validateCreateCreateCompanyTest -->
        <test-method is-config="true" signature="tearDown()[pri:0, instance:com.crmAutomation.testScripts.CompaniesPageTest@352ff4da]" started-at="2019-05-22T09:37:27Z" name="tearDown" finished-at="2019-05-22T09:37:33Z" duration-ms="6690" status="PASS">
          <reporter-output>
          </reporter-output>
        </test-method> <!-- tearDown -->
      </class> <!-- com.crmAutomation.testScripts.CompaniesPageTest -->
    </test> <!-- Default test -->
  </suite> <!-- Default suite -->
</testng-results>
