<?xml version="1.0" encoding="UTF-8"?>
<!-- Generated by org.testng.reporters.JUnitXMLReporter -->
<testsuite ignored="0" hostname="WIN10-PR1" failures="0" tests="4" name="Sanity" time="121.452" errors="0" timestamp="23 Feb 2019 17:14:09 GMT">
  <testcase classname="com.crmAutomation.testScripts.HomePageTest" name="verifyHomePageTitleTest" time="0.529"/>
  <testcase classname="com.crmAutomation.testScripts.HomePageTest" name="verifyLoggedInUserNameTest" time="0.243"/>
  <testcase classname="com.crmAutomation.testScripts.HomePageTest" name="verifyclickOnContactsPgLinkTest" time="2.201"/>
  <testcase classname="com.crmAutomation.testScripts.HomePageTest" name="VerifylogOutOfApplication" time="3.815"/>
</testsuite> <!-- Sanity -->
